-------------------------------------------------------------------------------
Test set: io.cucumber.junit.platform.engine.CucumberTestEngine
-------------------------------------------------------------------------------
Tests run: 30, Failures: 5, Errors: 0, Skipped: 0, Time elapsed: 0.188 s <<< FAILURE! -- in io.cucumber.junit.platform.engine.CucumberTestEngine
Edit activity.Edit activity - User edits an activity successfully -- Time elapsed: 0.060 s <<< FAILURE!
org.opentest4j.AssertionFailedError: Activity should exist ==> expected: not <null>
	at hellocucumber.EditActivitySteps.theActivityExistsInProjectWithBudgetedTimeHoursStartWeekEndWeek(EditActivitySteps.java:32)
	at ✽.the activity "B" exists in project "P" with budgeted time 100 hours, start week 11, end week 13(file:///Users/alizeb/Desktop/Semester%204/Software%20engineering/software_proj/features/not_working/editActivity.feature:11)

Edit activity.Edit activity - User edits activity without changing name -- Time elapsed: 0.006 s <<< FAILURE!
org.opentest4j.AssertionFailedError: Activity should exist ==> expected: not <null>
	at hellocucumber.EditActivitySteps.theActivityExistsInProjectWithBudgetedTimeHoursStartWeekEndWeek(EditActivitySteps.java:32)
	at ✽.the activity "A" exists in project "P" with budgeted time 90 hours, start week 12, end week 14(file:///Users/alizeb/Desktop/Semester%204/Software%20engineering/software_proj/features/not_working/editActivity.feature:16)

Edit activity.Edit activity - Editing activity fails because project does not exist -- Time elapsed: 0.009 s <<< FAILURE!
org.opentest4j.AssertionFailedError: expected: <Not allowed: Project not found> but was: <Project does not exist>
	at hellocucumber.registerTimeSteps.an_error_message_should_be_shown(registerTimeSteps.java:99)
	at ✽.an error message "Not allowed: Project not found" should be shown(file:///Users/alizeb/Desktop/Semester%204/Software%20engineering/software_proj/features/not_working/editActivity.feature:21)

Edit activity.Edit activity - Editing activity fails because activity does not exist -- Time elapsed: 0.004 s <<< FAILURE!
org.opentest4j.AssertionFailedError: expected: <Not allowed: Activity not found> but was: <Project does not exist>
	at hellocucumber.registerTimeSteps.an_error_message_should_be_shown(registerTimeSteps.java:99)
	at ✽.an error message "Not allowed: Activity not found" should be shown(file:///Users/alizeb/Desktop/Semester%204/Software%20engineering/software_proj/features/not_working/editActivity.feature:26)

Edit activity.Edit activity - Editing activity fails because new name already exists -- Time elapsed: 0.004 s <<< FAILURE!
org.opentest4j.AssertionFailedError: expected: <Not allowed: Activity with the new name already exists> but was: <Project does not exist>
	at hellocucumber.registerTimeSteps.an_error_message_should_be_shown(registerTimeSteps.java:99)
	at ✽.an error message "Not allowed: Activity with the new name already exists" should be shown(file:///Users/alizeb/Desktop/Semester%204/Software%20engineering/software_proj/features/not_working/editActivity.feature:33)

