<?xml version="1.0" encoding="UTF-8"?>
<testsuite xmlns:xsi="http://www.w3.org/2001/XMLSchema-instance" xsi:noNamespaceSchemaLocation="https://maven.apache.org/surefire/maven-surefire-plugin/xsd/surefire-test-report.xsd" version="3.0.2" name="io.cucumber.junit.platform.engine.CucumberTestEngine" time="0.188" tests="30" errors="0" skipped="0" failures="5">
  <properties>
[...]
</properties>
  <testcase name="Edit activity - User edits an activity successfully" classname="Edit activity" time="0.06">
    <failure message="Activity should exist ==&gt; expected: not &lt;null&gt;" type="org.opentest4j.AssertionFailedError"><![CDATA[org.opentest4j.AssertionFailedError: Activity should exist ==> expected: not <null>
	at hellocucumber.EditActivitySteps.theActivityExistsInProjectWithBudgetedTimeHoursStartWeekEndWeek(EditActivitySteps.java:32)
	at ✽.the activity "B" exists in project "P" with budgeted time 100 hours, start week 11, end week 13(file:///Users/alizeb/Desktop/Semester%204/Software%20engineering/software_proj/features/not_working/editActivity.feature:11)
]]></failure>
    <system-err><![CDATA[May 09, 2025 1:17:26 AM io.cucumber.junit.platform.engine.DiscoverySelectorResolver warnWhenCucumberFeaturesPropertyIsUsed
WARNING: Discovering tests using the cucumber.features property. Other discovery selectors are ignored!

This is a work around for the limited JUnit 5 support in Maven and Gradle. Please request/upvote/sponsor/ect better support for JUnit 5 discovery selectors. For details see: https://github.com/cucumber/cucumber-jvm/pull/2498

If you are using the JUnit 5 Suite Engine, Platform Launcher API or Console Launcher you should not use this property. Please consult the JUnit 5 documentation on test selection.
]]></system-err>
  </testcase>
  <testcase name="Edit activity - User edits activity without changing name" classname="Edit activity" time="0.006">
    <failure message="Activity should exist ==&gt; expected: not &lt;null&gt;" type="org.opentest4j.AssertionFailedError"><![CDATA[org.opentest4j.AssertionFailedError: Activity should exist ==> expected: not <null>
	at hellocucumber.EditActivitySteps.theActivityExistsInProjectWithBudgetedTimeHoursStartWeekEndWeek(EditActivitySteps.java:32)
	at ✽.the activity "A" exists in project "P" with budgeted time 90 hours, start week 12, end week 14(file:///Users/alizeb/Desktop/Semester%204/Software%20engineering/software_proj/features/not_working/editActivity.feature:16)
]]></failure>
  </testcase>
  <testcase name="Edit activity - Editing activity fails because project does not exist" classname="Edit activity" time="0.009">
    <failure message="expected: &lt;Not allowed: Project not found&gt; but was: &lt;Project does not exist&gt;" type="org.opentest4j.AssertionFailedError"><![CDATA[org.opentest4j.AssertionFailedError: expected: <Not allowed: Project not found> but was: <Project does not exist>
	at hellocucumber.registerTimeSteps.an_error_message_should_be_shown(registerTimeSteps.java:99)
	at ✽.an error message "Not allowed: Project not found" should be shown(file:///Users/alizeb/Desktop/Semester%204/Software%20engineering/software_proj/features/not_working/editActivity.feature:21)
]]></failure>
  </testcase>
  <testcase name="Edit activity - Editing activity fails because activity does not exist" classname="Edit activity" time="0.004">
    <failure message="expected: &lt;Not allowed: Activity not found&gt; but was: &lt;Project does not exist&gt;" type="org.opentest4j.AssertionFailedError"><![CDATA[org.opentest4j.AssertionFailedError: expected: <Not allowed: Activity not found> but was: <Project does not exist>
	at hellocucumber.registerTimeSteps.an_error_message_should_be_shown(registerTimeSteps.java:99)
	at ✽.an error message "Not allowed: Activity not found" should be shown(file:///Users/alizeb/Desktop/Semester%204/Software%20engineering/software_proj/features/not_working/editActivity.feature:26)
]]></failure>
  </testcase>
  <testcase name="Edit activity - Editing activity fails because new name already exists" classname="Edit activity" time="0.004">
    <failure message="expected: &lt;Not allowed: Activity with the new name already exists&gt; but was: &lt;Project does not exist&gt;" type="org.opentest4j.AssertionFailedError"><![CDATA[org.opentest4j.AssertionFailedError: expected: <Not allowed: Activity with the new name already exists> but was: <Project does not exist>
	at hellocucumber.registerTimeSteps.an_error_message_should_be_shown(registerTimeSteps.java:99)
	at ✽.an error message "Not allowed: Activity with the new name already exists" should be shown(file:///Users/alizeb/Desktop/Semester%204/Software%20engineering/software_proj/features/not_working/editActivity.feature:33)
]]></failure>
  </testcase>
  <testcase name="Find vacant Workers - Find available employees when some are free" classname="Find vacant Workers" time="0.008"/>
  <testcase name="Find vacant Workers - No available employees when all are busy" classname="Find vacant Workers" time="0.003"/>
  <testcase name="Set status log - Employee sets the status of their assigned activity" classname="Set status log" time="0.004"/>
  <testcase name="Set status log - Employee tries to set the status of an activity they are not assigned to" classname="Set status log" time="0.003"/>
  <testcase name="Set status log - Project leader sets the status of any activity in their project" classname="Set status log" time="0.002"/>
  <testcase name="Create activity - User adds an activity" classname="Create activity" time="0.002"/>
  <testcase name="Create activity - Employee adds an activity with an empty name" classname="Create activity" time="0.003"/>
  <testcase name="Create activity - Employee adds an activity which is already created" classname="Create activity" time="0.002"/>
  <testcase name="Add project leader - User assigns a project leader successfully" classname="Add project leader" time="0.004"/>
  <testcase name="Add project leader - User assigns a project leader who is already assigned" classname="Add project leader" time="0.003"/>
  <testcase name="Add project leader - User assigns a non existing user as project leader" classname="Add project leader" time="0.002"/>
  <testcase name="Add project leader - User assigns a project leader to a non existing project" classname="Add project leader" time="0.003"/>
  <testcase name="Create Project - User creates a project successfully" classname="Create Project" time="0.002"/>
  <testcase name="Create Project - User fails to create project with no name" classname="Create Project" time="0.003"/>
  <testcase name="Create Project - User fails to create project without client" classname="Create Project" time="0.002"/>
  <testcase name="Create Project - User fails to create project with identical name" classname="Create Project" time="0.002"/>
  <testcase name="User Login - User can login" classname="User Login" time="0.003"/>
  <testcase name="User Login - user has the wrong password" classname="User Login" time="0.002"/>
  <testcase name="User logout - User logs out" classname="User logout" time="0.002"/>
  <testcase name="Register used time - User registers time spent on an activity successfully" classname="Register used time" time="0.007"/>
  <testcase name="Register used time - User tries to register time for an activity they are not assigned to" classname="Register used time" time="0.003"/>
  <testcase name="Register used time - User registers time with invalid hours" classname="Register used time" time="0.003"/>
  <testcase name="Register used time - User registers time with missing date" classname="Register used time" time="0.002"/>
  <testcase name="Register used time - User registers time with missing user" classname="Register used time" time="0.003"/>
  <testcase name="Register used time - User registers time with non-0.5 hour value" classname="Register used time" time="0.003"/>
</testsuite>